<?xml version="1.0" encoding="UTF-8"?>
<testng-results ignored="0" total="1" passed="1" failed="0" skipped="0">
  <reporter-output>
    <line>
      <![CDATA[Logging in using broser = chrome]]>
    </line>
  </reporter-output>
  <suite started-at="2022-08-26T22:53:34Z" name="Default suite" finished-at="2022-08-26T22:55:10Z" duration-ms="96476">
    <groups>
    </groups>
    <test started-at="2022-08-26T22:53:34Z" name="Default test" finished-at="2022-08-26T22:55:10Z" duration-ms="96476">
      <class name="testcases.TC_Order_003">
        <test-method is-config="true" signature="setUp(java.lang.String)[pri:0, instance:testcases.TC_Order_003@573906eb]" started-at="2022-08-26T22:53:34Z" name="setUp" finished-at="2022-08-26T22:53:41Z" duration-ms="7182" status="PASS">
          <params>
            <param index="0">
              <value>
                <![CDATA[chrome]]>
              </value>
            </param>
          </params>
          <reporter-output>
            <line>
              <![CDATA[Logging in using broser = chrome]]>
            </line>
          </reporter-output>
        </test-method> <!-- setUp -->
        <test-method signature="testValidOrder()[pri:0, instance:testcases.TC_Order_003@573906eb]" started-at="2022-08-26T22:53:41Z" name="testValidOrder" finished-at="2022-08-26T22:55:10Z" duration-ms="89252" status="PASS">
          <reporter-output>
          </reporter-output>
        </test-method> <!-- testValidOrder -->
        <test-method is-config="true" signature="tearDown()[pri:0, instance:testcases.TC_Order_003@573906eb]" started-at="2022-08-26T22:55:10Z" name="tearDown" finished-at="2022-08-26T22:55:10Z" duration-ms="1" status="PASS">
          <reporter-output>
          </reporter-output>
        </test-method> <!-- tearDown -->
      </class> <!-- testcases.TC_Order_003 -->
    </test> <!-- Default test -->
  </suite> <!-- Default suite -->
</testng-results>
